<?xml version='1.0' encoding='UTF-8'?>
<testsuite hostname="iMac-de-William-MACHI.local" name="patmat.HuffmanSuite" tests="7" errors="0" failures="0" skipped="0" time="0.179" timestamp="2020-03-10T17:43:36">
                     <properties>
[...]
</properties>
                     <testcase classname="patmat.HuffmanSuite" name="chars of a larger tree (10pts)" time="0.078">
                                                 
                                               </testcase><testcase classname="patmat.HuffmanSuite" name="weight of a larger tree (10pts)" time="0.003">
                                                 
                                               </testcase><testcase classname="patmat.HuffmanSuite" name="decode and encode a very short text should be identity (10pts)" time="0.086">
                                                 
                                               </testcase><testcase classname="patmat.HuffmanSuite" name="codeBits mus return the bitList corresponding to the chr" time="0.002">
                                                 
                                               </testcase><testcase classname="patmat.HuffmanSuite" name="string2chars hello world" time="0.002">
                                                 
                                               </testcase><testcase classname="patmat.HuffmanSuite" name="combine of some leaf list (15pts)" time="0.004">
                                                 
                                               </testcase><testcase classname="patmat.HuffmanSuite" name="make ordered leaf list for some frequency table (15pts)" time="0.004">
                                                 
                                               </testcase>
                     <system-out><![CDATA[]]></system-out>
                     <system-err><![CDATA[]]></system-err>
                   </testsuite>